./MAKE
Scary, an Intel Mac
using FSLDIR as /Users/ahmedharmouche/Documents/fsl
 
 
Making project zlib
 
emar -r libz.a adler32.o compress.o crc32.o gzio.o uncompr.o deflate.o trees.o zutil.o inflate.o infblock.o inftrees.o infcodes.o infutil.o inffast.o
emar -r libz.a adler32.o compress.o crc32.o gzio.o uncompr.o deflate.o trees.o zutil.o inflate.o infblock.o inftrees.o infcodes.o infutil.o inffast.o
 
Installing stable binaries
 
Installing stable header files
install -p -m 0664 deflate.h /Users/ahmedharmouche/Documents/fsl/extras/include/zlib/
install -p -m 0664 infblock.h /Users/ahmedharmouche/Documents/fsl/extras/include/zlib/
install -p -m 0664 infcodes.h /Users/ahmedharmouche/Documents/fsl/extras/include/zlib/
install -p -m 0664 inffast.h /Users/ahmedharmouche/Documents/fsl/extras/include/zlib/
install -p -m 0664 inffixed.h /Users/ahmedharmouche/Documents/fsl/extras/include/zlib/
install -p -m 0664 inftrees.h /Users/ahmedharmouche/Documents/fsl/extras/include/zlib/
install -p -m 0664 infutil.h /Users/ahmedharmouche/Documents/fsl/extras/include/zlib/
install -p -m 0664 trees.h /Users/ahmedharmouche/Documents/fsl/extras/include/zlib/
install -p -m 0664 zconf.h /Users/ahmedharmouche/Documents/fsl/extras/include/zlib/
install -p -m 0664 zlib.h /Users/ahmedharmouche/Documents/fsl/extras/include/zlib/
install -p -m 0664 zutil.h /Users/ahmedharmouche/Documents/fsl/extras/include/zlib/
 
Installing stable library archives
install -p -m 0664 libz.a /Users/ahmedharmouche/Documents/fsl/extras/lib
/Users/ahmedharmouche/Documents/fsl/extras/lib/libz.a
 
Installing tcl scripts
 
Installing (userguide) documents
/bin/chmod -R ug+w /Users/ahmedharmouche/Documents/fsl/extras/doc/zlib/
 
Installing reference documents
/bin/chmod -R ug+w /Users/ahmedharmouche/Documents/fsl/extras/refdoc/zlib/
 
 
 ------------------------- 
Successfully made zlib
 
 
Making project libpng
 
make: Nothing to be done for `all'.
make[2]: Nothing to be done for `all'.
 
Installing stable binaries
 
Installing stable header files
install -p -m 0664 png.h /Users/ahmedharmouche/Documents/fsl/extras/include/libpng/
install -p -m 0664 pngasmrd.h /Users/ahmedharmouche/Documents/fsl/extras/include/libpng/
install -p -m 0664 pngconf.h /Users/ahmedharmouche/Documents/fsl/extras/include/libpng/
 
Installing stable library archives
install -p -m 0664 libpng.a /Users/ahmedharmouche/Documents/fsl/extras/lib
/Users/ahmedharmouche/Documents/fsl/extras/lib/libpng.a
 
Installing tcl scripts
 
Installing (userguide) documents
/bin/chmod -R ug+w /Users/ahmedharmouche/Documents/fsl/extras/doc/libpng/
 
Installing reference documents
/bin/chmod -R ug+w /Users/ahmedharmouche/Documents/fsl/extras/refdoc/libpng/
 
 
 ------------------------- 
Successfully made libpng
 
 
Making project libgd
 
make: Nothing to be done for `all'.
make[2]: Nothing to be done for `all'.
 
Installing stable binaries
 
Installing stable header files
install -p -m 0664 gd.h /Users/ahmedharmouche/Documents/fsl/extras/include/libgd/
install -p -m 0664 gd_io.h /Users/ahmedharmouche/Documents/fsl/extras/include/libgd/
install -p -m 0664 gdcache.h /Users/ahmedharmouche/Documents/fsl/extras/include/libgd/
install -p -m 0664 gdfontg.h /Users/ahmedharmouche/Documents/fsl/extras/include/libgd/
install -p -m 0664 gdfontl.h /Users/ahmedharmouche/Documents/fsl/extras/include/libgd/
install -p -m 0664 gdfontmb.h /Users/ahmedharmouche/Documents/fsl/extras/include/libgd/
install -p -m 0664 gdfonts.h /Users/ahmedharmouche/Documents/fsl/extras/include/libgd/
install -p -m 0664 gdfontt.h /Users/ahmedharmouche/Documents/fsl/extras/include/libgd/
install -p -m 0664 gdhelpers.h /Users/ahmedharmouche/Documents/fsl/extras/include/libgd/
install -p -m 0664 jisx0208.h /Users/ahmedharmouche/Documents/fsl/extras/include/libgd/
install -p -m 0664 wbmp.h /Users/ahmedharmouche/Documents/fsl/extras/include/libgd/
 
Installing stable library archives
install -p -m 0664 libgd.a /Users/ahmedharmouche/Documents/fsl/extras/lib
/Users/ahmedharmouche/Documents/fsl/extras/lib/libgd.a
 
Installing tcl scripts
 
Installing (userguide) documents
/bin/chmod -R ug+w /Users/ahmedharmouche/Documents/fsl/extras/doc/libgd/
 
Installing reference documents
/bin/chmod -R ug+w /Users/ahmedharmouche/Documents/fsl/extras/refdoc/libgd/
 
 
 ------------------------- 
Successfully made libgd
 
 
Making project libgdc
 
emcc -Wall -ansi -pedantic -Wno-deprecated -Wno-long-long    -m32 -O3 -fexpensive-optimizations -m32 -O0 -I/Users/ahmedharmouche/Documents/fsl/extras/include/libgd -I/Users/ahmedharmouche/Documents/fsl/extras/include/libpng -I/Users/ahmedharmouche/Documents/fsl/extras/include/zlib -I. -I/Users/ahmedharmouche/Documents/fsl/extras/include -I/Users/ahmedharmouche/Documents/fsl/include   -c -o gdc_pie.o gdc_pie.c
clang-16: warning: optimization flag '-fexpensive-optimizations' is not supported [-Wignored-optimization-argument]
In file included from gdc_pie.c:17:
./gdc.h:126:27: warning: a function declaration without a prototype is deprecated in all versions of C [-Wstrict-prototypes]
void    load_font_conversions();
                             ^
                              void
gdc_pie.c:487:67: error: incompatible function pointer types passing 'int (struct tmp_slice_t *, struct tmp_slice_t *)' to parameter of type 'int (*)(const void *, const void *)' [-Wincompatible-function-pointer-types]
                qsort( tmp_slice, num_slice_angles, sizeof(struct tmp_slice_t), ocmpr );
                                                                                ^~~~~
/Users/ahmedharmouche/Documents/emsdk/upstream/emscripten/cache/sysroot/include/stdlib.h:56:43: note: passing argument to parameter here
void qsort (void *, size_t, size_t, int (*)(const void *, const void *));
                                          ^
gdc_pie.c:127:8: warning: variable 'BGColor' set but not used [-Wunused-but-set-variable]
        int                     BGColor,
                                ^
gdc_pie.c:139:9: warning: variable 'pscl' set but not used [-Wunused-but-set-variable]
        float           pscl;
                        ^
3 warnings and 1 error generated.
emcc: error: '/Users/ahmedharmouche/Documents/emsdk/upstream/bin/clang -target wasm32-unknown-emscripten -fignore-exceptions -fvisibility=default -mllvm -combiner-global-alias-analysis=false -mllvm -enable-emscripten-sjlj -mllvm -disable-lsr -DEMSCRIPTEN -Werror=implicit-function-declaration -I/Users/ahmedharmouche/Documents/emsdk/upstream/emscripten/cache/sysroot/include/SDL --sysroot=/Users/ahmedharmouche/Documents/emsdk/upstream/emscripten/cache/sysroot -Xclang -iwithsysroot/include/compat -Wall -ansi -pedantic -Wno-deprecated -Wno-long-long -m32 -O3 -fexpensive-optimizations -m32 -O0 -I/Users/ahmedharmouche/Documents/fsl/extras/include/libgd -I/Users/ahmedharmouche/Documents/fsl/extras/include/libpng -I/Users/ahmedharmouche/Documents/fsl/extras/include/zlib -I. -I/Users/ahmedharmouche/Documents/fsl/extras/include -I/Users/ahmedharmouche/Documents/fsl/include -c gdc_pie.c -o gdc_pie.o' failed (returned 1)
make: *** [gdc_pie.o] Error 1
 
 ========================= 
ERROR::Could not make libgdc successfully
 
 
 
 
Making project libprob
 
make: Nothing to be done for `all'.
make[2]: Nothing to be done for `all'.
 
Installing stable binaries
 
Installing stable header files
install -p -m 0664 libprob.h /Users/ahmedharmouche/Documents/fsl/extras/include/libprob/
install -p -m 0664 mconf.h /Users/ahmedharmouche/Documents/fsl/extras/include/libprob/
install -p -m 0664 protos.h /Users/ahmedharmouche/Documents/fsl/extras/include/libprob/
 
Installing stable library archives
install -p -m 0664 libprob.a /Users/ahmedharmouche/Documents/fsl/extras/lib
/Users/ahmedharmouche/Documents/fsl/extras/lib/libprob.a
 
Installing tcl scripts
 
Installing (userguide) documents
/bin/chmod -R ug+w /Users/ahmedharmouche/Documents/fsl/extras/doc/libprob/
 
Installing reference documents
/bin/chmod -R ug+w /Users/ahmedharmouche/Documents/fsl/extras/refdoc/libprob/
 
 
 ------------------------- 
Successfully made libprob
 
 
Making project libcprob
 
emar -r libcprob.a bdtr.o btdtr.o chdtr.o drand.o fdtr.o gamma.o gdtr.o igam.o igami.o incbet.o incbi.o mtherr.o nbdtr.o ndtr.o ndtri.o pdtr.o stdtr.o unity.o polevl.o const.o
emar -r libcprob.a bdtr.o btdtr.o chdtr.o drand.o fdtr.o gamma.o gdtr.o igam.o igami.o incbet.o incbi.o mtherr.o nbdtr.o ndtr.o ndtri.o pdtr.o stdtr.o unity.o polevl.o const.o
 
Installing stable binaries
 
Installing stable header files
install -p -m 0664 libcprob.h /Users/ahmedharmouche/Documents/fsl/extras/include/libcprob/
install -p -m 0664 mconf.h /Users/ahmedharmouche/Documents/fsl/extras/include/libcprob/
install -p -m 0664 protos.h /Users/ahmedharmouche/Documents/fsl/extras/include/libcprob/
 
Installing stable library archives
install -p -m 0664 libcprob.a /Users/ahmedharmouche/Documents/fsl/extras/lib
/Users/ahmedharmouche/Documents/fsl/extras/lib/libcprob.a
 
Installing tcl scripts
 
Installing (userguide) documents
/bin/chmod -R ug+w /Users/ahmedharmouche/Documents/fsl/extras/doc/libcprob/
 
Installing reference documents
/bin/chmod -R ug+w /Users/ahmedharmouche/Documents/fsl/extras/refdoc/libcprob/
 
 
 ------------------------- 
Successfully made libcprob
 
 
Making project newmat
 
make: Nothing to be done for `all'.
make[2]: Nothing to be done for `all'.
 
Installing stable binaries
 
Installing stable header files
install -p -m 0664 boolean.h /Users/ahmedharmouche/Documents/fsl/extras/include/newmat/
install -p -m 0664 controlw.h /Users/ahmedharmouche/Documents/fsl/extras/include/newmat/
install -p -m 0664 include.h /Users/ahmedharmouche/Documents/fsl/extras/include/newmat/
install -p -m 0664 myexcept.h /Users/ahmedharmouche/Documents/fsl/extras/include/newmat/
install -p -m 0664 newmat.h /Users/ahmedharmouche/Documents/fsl/extras/include/newmat/
install -p -m 0664 newmatap.h /Users/ahmedharmouche/Documents/fsl/extras/include/newmat/
install -p -m 0664 newmatio.h /Users/ahmedharmouche/Documents/fsl/extras/include/newmat/
install -p -m 0664 newmatnl.h /Users/ahmedharmouche/Documents/fsl/extras/include/newmat/
install -p -m 0664 newmatrc.h /Users/ahmedharmouche/Documents/fsl/extras/include/newmat/
install -p -m 0664 newmatrm.h /Users/ahmedharmouche/Documents/fsl/extras/include/newmat/
install -p -m 0664 precisio.h /Users/ahmedharmouche/Documents/fsl/extras/include/newmat/
install -p -m 0664 solution.h /Users/ahmedharmouche/Documents/fsl/extras/include/newmat/
 
Installing stable library archives
install -p -m 0664 libnewmat.a /Users/ahmedharmouche/Documents/fsl/extras/lib
/Users/ahmedharmouche/Documents/fsl/extras/lib/libnewmat.a
 
Installing tcl scripts
 
Installing (userguide) documents
/bin/chmod -R ug+w /Users/ahmedharmouche/Documents/fsl/extras/doc/newmat/
 
Installing reference documents
/bin/cp -R -f refdoc/atandt.htm /Users/ahmedharmouche/Documents/fsl/extras/refdoc/newmat/
/bin/cp -R -f refdoc/author.htm /Users/ahmedharmouche/Documents/fsl/extras/refdoc/newmat/
/bin/cp -R -f refdoc/binary.htm /Users/ahmedharmouche/Documents/fsl/extras/refdoc/newmat/
/bin/cp -R -f refdoc/borland.htm /Users/ahmedharmouche/Documents/fsl/extras/refdoc/newmat/
/bin/cp -R -f refdoc/bugs.htm /Users/ahmedharmouche/Documents/fsl/extras/refdoc/newmat/
/bin/cp -R -f refdoc/calc.htm /Users/ahmedharmouche/Documents/fsl/extras/refdoc/newmat/
/bin/cp -R -f refdoc/ch_type.htm /Users/ahmedharmouche/Documents/fsl/extras/refdoc/newmat/
/bin/cp -R -f refdoc/changes.htm /Users/ahmedharmouche/Documents/fsl/extras/refdoc/newmat/
/bin/cp -R -f refdoc/cholesky.htm /Users/ahmedharmouche/Documents/fsl/extras/refdoc/newmat/
/bin/cp -R -f refdoc/cleanup.htm /Users/ahmedharmouche/Documents/fsl/extras/refdoc/newmat/
/bin/cp -R -f refdoc/comp_mat.htm /Users/ahmedharmouche/Documents/fsl/extras/refdoc/newmat/
/bin/cp -R -f refdoc/compiler.htm /Users/ahmedharmouche/Documents/fsl/extras/refdoc/newmat/
/bin/cp -R -f refdoc/constr.htm /Users/ahmedharmouche/Documents/fsl/extras/refdoc/newmat/
/bin/cp -R -f refdoc/copy.htm /Users/ahmedharmouche/Documents/fsl/extras/refdoc/newmat/
/bin/cp -R -f refdoc/custom.htm /Users/ahmedharmouche/Documents/fsl/extras/refdoc/newmat/
/bin/cp -R -f refdoc/descript.htm /Users/ahmedharmouche/Documents/fsl/extras/refdoc/newmat/
/bin/cp -R -f refdoc/design.htm /Users/ahmedharmouche/Documents/fsl/extras/refdoc/newmat/
/bin/cp -R -f refdoc/destr.htm /Users/ahmedharmouche/Documents/fsl/extras/refdoc/newmat/
/bin/cp -R -f refdoc/dimen.htm /Users/ahmedharmouche/Documents/fsl/extras/refdoc/newmat/
/bin/cp -R -f refdoc/efficien.htm /Users/ahmedharmouche/Documents/fsl/extras/refdoc/newmat/
/bin/cp -R -f refdoc/elements.htm /Users/ahmedharmouche/Documents/fsl/extras/refdoc/newmat/
/bin/cp -R -f refdoc/entering.htm /Users/ahmedharmouche/Documents/fsl/extras/refdoc/newmat/
/bin/cp -R -f refdoc/err_hand.htm /Users/ahmedharmouche/Documents/fsl/extras/refdoc/newmat/
/bin/cp -R -f refdoc/error.htm /Users/ahmedharmouche/Documents/fsl/extras/refdoc/newmat/
/bin/cp -R -f refdoc/evalues.htm /Users/ahmedharmouche/Documents/fsl/extras/refdoc/newmat/
/bin/cp -R -f refdoc/evalx.htm /Users/ahmedharmouche/Documents/fsl/extras/refdoc/newmat/
/bin/cp -R -f refdoc/example.htm /Users/ahmedharmouche/Documents/fsl/extras/refdoc/newmat/
/bin/cp -R -f refdoc/except.htm /Users/ahmedharmouche/Documents/fsl/extras/refdoc/newmat/
/bin/cp -R -f refdoc/explode.htm /Users/ahmedharmouche/Documents/fsl/extras/refdoc/newmat/
/bin/cp -R -f refdoc/fft.htm /Users/ahmedharmouche/Documents/fsl/extras/refdoc/newmat/
/bin/cp -R -f refdoc/files.htm /Users/ahmedharmouche/Documents/fsl/extras/refdoc/newmat/
/bin/cp -R -f refdoc/gcc.htm /Users/ahmedharmouche/Documents/fsl/extras/refdoc/newmat/
/bin/cp -R -f refdoc/hpux.htm /Users/ahmedharmouche/Documents/fsl/extras/refdoc/newmat/
/bin/cp -R -f refdoc/index.htm /Users/ahmedharmouche/Documents/fsl/extras/refdoc/newmat/
/bin/cp -R -f refdoc/index.html /Users/ahmedharmouche/Documents/fsl/extras/refdoc/newmat/
/bin/cp -R -f refdoc/intro.htm /Users/ahmedharmouche/Documents/fsl/extras/refdoc/newmat/
/bin/cp -R -f refdoc/make.htm /Users/ahmedharmouche/Documents/fsl/extras/refdoc/newmat/
/bin/cp -R -f refdoc/mat_arr.htm /Users/ahmedharmouche/Documents/fsl/extras/refdoc/newmat/
/bin/cp -R -f refdoc/matscal.htm /Users/ahmedharmouche/Documents/fsl/extras/refdoc/newmat/
/bin/cp -R -f refdoc/mem_man.htm /Users/ahmedharmouche/Documents/fsl/extras/refdoc/newmat/
/bin/cp -R -f refdoc/memory.htm /Users/ahmedharmouche/Documents/fsl/extras/refdoc/newmat/
/bin/cp -R -f refdoc/microso.htm /Users/ahmedharmouche/Documents/fsl/extras/refdoc/newmat/
/bin/cp -R -f refdoc/namesp.htm /Users/ahmedharmouche/Documents/fsl/extras/refdoc/newmat/
/bin/cp -R -f refdoc/nonlin.htm /Users/ahmedharmouche/Documents/fsl/extras/refdoc/newmat/
/bin/cp -R -f refdoc/nric.htm /Users/ahmedharmouche/Documents/fsl/extras/refdoc/newmat/
/bin/cp -R -f refdoc/other.htm /Users/ahmedharmouche/Documents/fsl/extras/refdoc/newmat/
/bin/cp -R -f refdoc/output.htm /Users/ahmedharmouche/Documents/fsl/extras/refdoc/newmat/
/bin/cp -R -f refdoc/overview.htm /Users/ahmedharmouche/Documents/fsl/extras/refdoc/newmat/
/bin/cp -R -f refdoc/problem.htm /Users/ahmedharmouche/Documents/fsl/extras/refdoc/newmat/
/bin/cp -R -f refdoc/qr.htm /Users/ahmedharmouche/Documents/fsl/extras/refdoc/newmat/
/bin/cp -R -f refdoc/question.htm /Users/ahmedharmouche/Documents/fsl/extras/refdoc/newmat/
/bin/cp -R -f refdoc/readme /Users/ahmedharmouche/Documents/fsl/extras/refdoc/newmat/
/bin/cp -R -f refdoc/refer.htm /Users/ahmedharmouche/Documents/fsl/extras/refdoc/newmat/
/bin/cp -R -f refdoc/scalar.htm /Users/ahmedharmouche/Documents/fsl/extras/refdoc/newmat/
/bin/cp -R -f refdoc/solve.htm /Users/ahmedharmouche/Documents/fsl/extras/refdoc/newmat/
/bin/cp -R -f refdoc/sorting.htm /Users/ahmedharmouche/Documents/fsl/extras/refdoc/newmat/
/bin/cp -R -f refdoc/sources.htm /Users/ahmedharmouche/Documents/fsl/extras/refdoc/newmat/
/bin/cp -R -f refdoc/sparse.htm /Users/ahmedharmouche/Documents/fsl/extras/refdoc/newmat/
/bin/cp -R -f refdoc/starting.htm /Users/ahmedharmouche/Documents/fsl/extras/refdoc/newmat/
/bin/cp -R -f refdoc/stl.htm /Users/ahmedharmouche/Documents/fsl/extras/refdoc/newmat/
/bin/cp -R -f refdoc/stor.htm /Users/ahmedharmouche/Documents/fsl/extras/refdoc/newmat/
/bin/cp -R -f refdoc/submat.htm /Users/ahmedharmouche/Documents/fsl/extras/refdoc/newmat/
/bin/cp -R -f refdoc/sue.htm /Users/ahmedharmouche/Documents/fsl/extras/refdoc/newmat/
/bin/cp -R -f refdoc/sun.htm /Users/ahmedharmouche/Documents/fsl/extras/refdoc/newmat/
/bin/cp -R -f refdoc/svd.htm /Users/ahmedharmouche/Documents/fsl/extras/refdoc/newmat/
/bin/cp -R -f refdoc/testing.htm /Users/ahmedharmouche/Documents/fsl/extras/refdoc/newmat/
/bin/cp -R -f refdoc/trigtran.htm /Users/ahmedharmouche/Documents/fsl/extras/refdoc/newmat/
/bin/cp -R -f refdoc/unary.htm /Users/ahmedharmouche/Documents/fsl/extras/refdoc/newmat/
/bin/cp -R -f refdoc/unspec.htm /Users/ahmedharmouche/Documents/fsl/extras/refdoc/newmat/
/bin/cp -R -f refdoc/update.htm /Users/ahmedharmouche/Documents/fsl/extras/refdoc/newmat/
/bin/cp -R -f refdoc/use.htm /Users/ahmedharmouche/Documents/fsl/extras/refdoc/newmat/
/bin/cp -R -f refdoc/watcom.htm /Users/ahmedharmouche/Documents/fsl/extras/refdoc/newmat/
/bin/cp -R -f refdoc/where.htm /Users/ahmedharmouche/Documents/fsl/extras/refdoc/newmat/
/bin/cp -R -f refdoc/which.htm /Users/ahmedharmouche/Documents/fsl/extras/refdoc/newmat/
/bin/cp -R -f refdoc/zortech.htm /Users/ahmedharmouche/Documents/fsl/extras/refdoc/newmat/
/bin/chmod -R ug+w /Users/ahmedharmouche/Documents/fsl/extras/refdoc/newmat/
 
 
 ------------------------- 
Successfully made newmat
 
 
 
!!ERROR in BUILD!!
  Could not make the following projects successfully:
    libgdc
 
 
 
Making project src/utils
 
make: Nothing to be done for `all'.
make[2]: Nothing to be done for `all'.
 
Installing stable binaries
 
Installing stable header files
install -p -m 0664 log.h /Users/ahmedharmouche/Documents/fsl/include/utils/
install -p -m 0664 options.h /Users/ahmedharmouche/Documents/fsl/include/utils/
install -p -m 0664 time_tracer.h /Users/ahmedharmouche/Documents/fsl/include/utils/
install -p -m 0664 tracer_plus.h /Users/ahmedharmouche/Documents/fsl/include/utils/
 
Installing stable library archives
install -p -m 0664 libutils.a /Users/ahmedharmouche/Documents/fsl/lib
/Users/ahmedharmouche/Documents/fsl/lib/libutils.a
 
Installing tcl scripts
 
Installing (userguide) documents
/bin/chmod -R ug+w /Users/ahmedharmouche/Documents/fsl/doc/utils/
 
Installing reference documents
/bin/cp -R -f refdoc/ObjectManual.def /Users/ahmedharmouche/Documents/fsl/refdoc/utils/
/bin/chmod -R ug+w /Users/ahmedharmouche/Documents/fsl/refdoc/utils/
 
 
 ------------------------- 
Successfully made utils
 
 
Making project src/znzlib
 
make: Nothing to be done for `all'.
make[2]: Nothing to be done for `all'.
 
Installing stable binaries
 
Installing stable header files
install -p -m 0664 config.h /Users/ahmedharmouche/Documents/fsl/include/znzlib/
install -p -m 0664 znzlib.h /Users/ahmedharmouche/Documents/fsl/include/znzlib/
 
Installing stable library archives
install -p -m 0664 libznz.a /Users/ahmedharmouche/Documents/fsl/lib
/Users/ahmedharmouche/Documents/fsl/lib/libznz.a
 
Installing tcl scripts
 
Installing (userguide) documents
/bin/chmod -R ug+w /Users/ahmedharmouche/Documents/fsl/doc/znzlib/
 
Installing reference documents
/bin/chmod -R ug+w /Users/ahmedharmouche/Documents/fsl/refdoc/znzlib/
 
 
 ------------------------- 
Successfully made znzlib
 
 
Making project src/niftiio
 
make: Nothing to be done for `all'.
make[2]: Nothing to be done for `all'.
 
Installing stable binaries
 
Installing stable header files
install -p -m 0664 nifti1.h /Users/ahmedharmouche/Documents/fsl/include/niftiio/
install -p -m 0664 nifti1_io.h /Users/ahmedharmouche/Documents/fsl/include/niftiio/
 
Installing stable library archives
install -p -m 0664 libniftiio.a /Users/ahmedharmouche/Documents/fsl/lib
/Users/ahmedharmouche/Documents/fsl/lib/libniftiio.a
 
Installing tcl scripts
 
Installing (userguide) documents
/bin/chmod -R ug+w /Users/ahmedharmouche/Documents/fsl/doc/niftiio/
 
Installing reference documents
/bin/chmod -R ug+w /Users/ahmedharmouche/Documents/fsl/refdoc/niftiio/
 
 
 ------------------------- 
Successfully made niftiio
 
 
Making project src/fslio
 
make: Nothing to be done for `all'.
make[2]: Nothing to be done for `all'.
 
Installing stable binaries
install -p -m 0775 remove_ext /Users/ahmedharmouche/Documents/fsl/bin/
install -p -m 0775 imtest /Users/ahmedharmouche/Documents/fsl/bin/
install -p -m 0775 imglob /Users/ahmedharmouche/Documents/fsl/bin/
install -p -m 0775 imcp /Users/ahmedharmouche/Documents/fsl/bin/
install -p -m 0775 imln /Users/ahmedharmouche/Documents/fsl/bin/
install -p -m 0775 imrm /Users/ahmedharmouche/Documents/fsl/bin/
install -p -m 0775 immv /Users/ahmedharmouche/Documents/fsl/bin/
 
Installing stable header files
install -p -m 0664 dbh.h /Users/ahmedharmouche/Documents/fsl/include/fslio/
install -p -m 0664 fslio.h /Users/ahmedharmouche/Documents/fsl/include/fslio/
 
Installing stable library archives
install -p -m 0664 libfslio.a /Users/ahmedharmouche/Documents/fsl/lib
/Users/ahmedharmouche/Documents/fsl/lib/libfslio.a
 
Installing tcl scripts
install -p -m 0775 fslio.tcl /Users/ahmedharmouche/Documents/fsl/tcl/
/Users/ahmedharmouche/Documents/fsl/bin/tclsh: line 17: /Users/ahmedharmouche/Documents/fsl/bin/tclsh8.4: Bad CPU type in executable
/Users/ahmedharmouche/Documents/fsl/bin/tclsh: line 17: /Users/ahmedharmouche/Documents/fsl/bin/tclsh8.4: Undefined error: 0
make[4]: *** [tclinstall] Error 1
make[3]: *** [install-non-src-exe-files] Error 2
make[2]: *** [install-non-src-files] Error 2
make[1]: *** [master-install-script] Error 2
make: *** [install] Error 2
 
 ------------------------- 
Successfully made fslio
 
ERROR::Could not install fslio successfully
 
 
Making project src/miscmaths
 
make: Nothing to be done for `all'.
make[2]: Nothing to be done for `all'.
 
Installing stable binaries
 
Installing stable header files
install -p -m 0664 base2z.h /Users/ahmedharmouche/Documents/fsl/include/miscmaths/
install -p -m 0664 cspline.h /Users/ahmedharmouche/Documents/fsl/include/miscmaths/
install -p -m 0664 f2z.h /Users/ahmedharmouche/Documents/fsl/include/miscmaths/
install -p -m 0664 histogram.h /Users/ahmedharmouche/Documents/fsl/include/miscmaths/
install -p -m 0664 kernel.h /Users/ahmedharmouche/Documents/fsl/include/miscmaths/
install -p -m 0664 minimize.h /Users/ahmedharmouche/Documents/fsl/include/miscmaths/
install -p -m 0664 miscmaths.h /Users/ahmedharmouche/Documents/fsl/include/miscmaths/
install -p -m 0664 miscprob.h /Users/ahmedharmouche/Documents/fsl/include/miscmaths/
install -p -m 0664 optimise.h /Users/ahmedharmouche/Documents/fsl/include/miscmaths/
install -p -m 0664 rungekutta.h /Users/ahmedharmouche/Documents/fsl/include/miscmaths/
install -p -m 0664 sparse_matrix.h /Users/ahmedharmouche/Documents/fsl/include/miscmaths/
install -p -m 0664 sparsefn.h /Users/ahmedharmouche/Documents/fsl/include/miscmaths/
install -p -m 0664 t2z.h /Users/ahmedharmouche/Documents/fsl/include/miscmaths/
install -p -m 0664 volume.h /Users/ahmedharmouche/Documents/fsl/include/miscmaths/
install -p -m 0664 volumeinfo.h /Users/ahmedharmouche/Documents/fsl/include/miscmaths/
install -p -m 0664 volumeseries.h /Users/ahmedharmouche/Documents/fsl/include/miscmaths/
 
Installing stable library archives
install -p -m 0664 libmiscmaths.a /Users/ahmedharmouche/Documents/fsl/lib
/Users/ahmedharmouche/Documents/fsl/lib/libmiscmaths.a
 
Installing tcl scripts
 
Installing (userguide) documents
/bin/chmod -R ug+w /Users/ahmedharmouche/Documents/fsl/doc/miscmaths/
 
Installing reference documents
/bin/chmod -R ug+w /Users/ahmedharmouche/Documents/fsl/refdoc/miscmaths/
 
 
 ------------------------- 
Successfully made miscmaths
 
 
Making project src/newimage
 
make: Nothing to be done for `all'.
make[2]: Nothing to be done for `all'.
 
Installing stable binaries
 
Installing stable header files
install -p -m 0664 complexvolume.h /Users/ahmedharmouche/Documents/fsl/include/newimage/
install -p -m 0664 costfns.h /Users/ahmedharmouche/Documents/fsl/include/newimage/
install -p -m 0664 fmribmain.h /Users/ahmedharmouche/Documents/fsl/include/newimage/
install -p -m 0664 fmribmain2.h /Users/ahmedharmouche/Documents/fsl/include/newimage/
install -p -m 0664 imfft.h /Users/ahmedharmouche/Documents/fsl/include/newimage/
install -p -m 0664 lazy.h /Users/ahmedharmouche/Documents/fsl/include/newimage/
install -p -m 0664 lazyiterators.h /Users/ahmedharmouche/Documents/fsl/include/newimage/
install -p -m 0664 newimage.h /Users/ahmedharmouche/Documents/fsl/include/newimage/
install -p -m 0664 newimageall.h /Users/ahmedharmouche/Documents/fsl/include/newimage/
install -p -m 0664 newimagefns.h /Users/ahmedharmouche/Documents/fsl/include/newimage/
install -p -m 0664 newimageio.h /Users/ahmedharmouche/Documents/fsl/include/newimage/
install -p -m 0664 positerators.h /Users/ahmedharmouche/Documents/fsl/include/newimage/
install -p -m 0664 warpfns.h /Users/ahmedharmouche/Documents/fsl/include/newimage/
 
Installing stable library archives
install -p -m 0664 libnewimage.a /Users/ahmedharmouche/Documents/fsl/lib
/Users/ahmedharmouche/Documents/fsl/lib/libnewimage.a
 
Installing tcl scripts
 
Installing (userguide) documents
/bin/chmod -R ug+w /Users/ahmedharmouche/Documents/fsl/doc/newimage/
 
Installing reference documents
/bin/cp -R -f refdoc/Doxyfile /Users/ahmedharmouche/Documents/fsl/refdoc/newimage/
/bin/cp -R -f refdoc/fslhtml.xml /Users/ahmedharmouche/Documents/fsl/refdoc/newimage/
/bin/cp -R -f refdoc/fslxml.xml /Users/ahmedharmouche/Documents/fsl/refdoc/newimage/
/bin/cp -R -f refdoc/newimage.html /Users/ahmedharmouche/Documents/fsl/refdoc/newimage/
/bin/cp -R -f refdoc/newimage.xml /Users/ahmedharmouche/Documents/fsl/refdoc/newimage/
/bin/cp -R -f refdoc/quickref.html /Users/ahmedharmouche/Documents/fsl/refdoc/newimage/
/bin/cp -R -f refdoc/quickref.xml /Users/ahmedharmouche/Documents/fsl/refdoc/newimage/
/bin/chmod -R ug+w /Users/ahmedharmouche/Documents/fsl/refdoc/newimage/
 
 
 ------------------------- 
Successfully made newimage
 
 
Making project src/meshclass
 
emar -r libmeshclass.a point.o mpoint.o triangle.o mesh.o pt_special.o profile.o 
emar -r libmeshclass.a point.o mpoint.o triangle.o mesh.o pt_special.o profile.o 
 
Installing stable binaries
 
Installing stable header files
install -p -m 0664 mesh.h /Users/ahmedharmouche/Documents/fsl/include/meshclass/
install -p -m 0664 meshclass.h /Users/ahmedharmouche/Documents/fsl/include/meshclass/
install -p -m 0664 mpoint.h /Users/ahmedharmouche/Documents/fsl/include/meshclass/
install -p -m 0664 point.h /Users/ahmedharmouche/Documents/fsl/include/meshclass/
install -p -m 0664 profile.h /Users/ahmedharmouche/Documents/fsl/include/meshclass/
install -p -m 0664 pt_special.h /Users/ahmedharmouche/Documents/fsl/include/meshclass/
install -p -m 0664 triangle.h /Users/ahmedharmouche/Documents/fsl/include/meshclass/
 
Installing stable library archives
install -p -m 0664 libmeshclass.a /Users/ahmedharmouche/Documents/fsl/lib
/Users/ahmedharmouche/Documents/fsl/lib/libmeshclass.a
 
Installing tcl scripts
 
Installing (userguide) documents
/bin/cp -R -f doc/Example.ps /Users/ahmedharmouche/Documents/fsl/doc/meshclass/
/bin/cp -R -f doc/Mesh.ps /Users/ahmedharmouche/Documents/fsl/doc/meshclass/
/bin/cp -R -f doc/Mpoint.ps /Users/ahmedharmouche/Documents/fsl/doc/meshclass/
/bin/cp -R -f doc/PI.jpg /Users/ahmedharmouche/Documents/fsl/doc/meshclass/
/bin/cp -R -f doc/Pt.ps /Users/ahmedharmouche/Documents/fsl/doc/meshclass/
/bin/cp -R -f doc/Triangle.ps /Users/ahmedharmouche/Documents/fsl/doc/meshclass/
/bin/cp -R -f doc/Vec.ps /Users/ahmedharmouche/Documents/fsl/doc/meshclass/
/bin/cp -R -f doc/examples.html /Users/ahmedharmouche/Documents/fsl/doc/meshclass/
/bin/cp -R -f doc/examplesprofile.html /Users/ahmedharmouche/Documents/fsl/doc/meshclass/
/bin/cp -R -f doc/examplesprofile1.html /Users/ahmedharmouche/Documents/fsl/doc/meshclass/
/bin/cp -R -f doc/examplesprofile2.html /Users/ahmedharmouche/Documents/fsl/doc/meshclass/
/bin/cp -R -f doc/index.html /Users/ahmedharmouche/Documents/fsl/doc/meshclass/
/bin/cp -R -f doc/mesh.html /Users/ahmedharmouche/Documents/fsl/doc/meshclass/
/bin/cp -R -f doc/mpoint.html /Users/ahmedharmouche/Documents/fsl/doc/meshclass/
/bin/cp -R -f doc/profile.gif /Users/ahmedharmouche/Documents/fsl/doc/meshclass/
/bin/cp -R -f doc/profile.html /Users/ahmedharmouche/Documents/fsl/doc/meshclass/
/bin/cp -R -f doc/pt.html /Users/ahmedharmouche/Documents/fsl/doc/meshclass/
/bin/cp -R -f doc/triangle.html /Users/ahmedharmouche/Documents/fsl/doc/meshclass/
/bin/cp -R -f doc/vec.html /Users/ahmedharmouche/Documents/fsl/doc/meshclass/
/bin/chmod -R ug+w /Users/ahmedharmouche/Documents/fsl/doc/meshclass/
 
Installing reference documents
/bin/chmod -R ug+w /Users/ahmedharmouche/Documents/fsl/refdoc/meshclass/
 
 
 ------------------------- 
Successfully made meshclass
 
 
Making project src/bet2
 
emcc -Wall -ansi -pedantic -Wno-deprecated -Wno-long-long    -m32 -O3 -fexpensive-optimizations -m32 -I/Users/ahmedharmouche/Documents/fsl/extras/include/newmat -I/Users/ahmedharmouche/Documents/fsl/extras/include/zlib -I. -I/Users/ahmedharmouche/Documents/fsl/include -I/Users/ahmedharmouche/Documents/fsl/include  -L/Users/ahmedharmouche/Documents/fsl/extras/lib -L/Users/ahmedharmouche/Documents/fsl/extras/lib -L. -L/Users/ahmedharmouche/Documents/fsl/lib -L/Users/ahmedharmouche/Documents/fsl/lib  -sFORCE_FILESYSTEM=1 -s "EXTRA_EXPORTED_RUNTIME_METHODS=['FS']" -s ALLOW_MEMORY_GROWTH=1 -o bet2.html bet2.o  -lmeshclass -lnewimage -lprob -lmiscmaths -lfslio -lniftiio -lznz -lnewmat -lutils -lz
make[2]: Nothing to be done for `all'.
 
Installing stable binaries
 
Installing stable header files
install -p -m 0664 betsurf.h /Users/ahmedharmouche/Documents/fsl/include/bet2/
 
Installing stable library archives
 
Installing tcl scripts
 
Installing (userguide) documents
/bin/cp -R -f doc/bet2_eg.png /Users/ahmedharmouche/Documents/fsl/doc/bet2/
/bin/cp -R -f doc/bet2_eg_small.png /Users/ahmedharmouche/Documents/fsl/doc/bet2/
/bin/cp -R -f doc/bet2_eg_vsmall.png /Users/ahmedharmouche/Documents/fsl/doc/bet2/
/bin/cp -R -f doc/index.html /Users/ahmedharmouche/Documents/fsl/doc/bet2/
/bin/chmod -R ug+w /Users/ahmedharmouche/Documents/fsl/doc/bet2/
 
Installing reference documents
/bin/chmod -R ug+w /Users/ahmedharmouche/Documents/fsl/refdoc/bet2/
 
 
 ------------------------- 
Successfully made bet2
 
 
Making project src/flirt
 
emcc  -Wall -ansi -pedantic -Wno-deprecated -Wno-long-long    -m32 -O3 -fexpensive-optimizations -m32 -I/Users/ahmedharmouche/Documents/fsl/extras/include/newmat -I/Users/ahmedharmouche/Documents/fsl/extras/include/zlib -I. -I/Users/ahmedharmouche/Documents/fsl/include -I/Users/ahmedharmouche/Documents/fsl/include  -L/Users/ahmedharmouche/Documents/fsl/extras/lib -L/Users/ahmedharmouche/Documents/fsl/extras/lib -L. -L/Users/ahmedharmouche/Documents/fsl/lib -L/Users/ahmedharmouche/Documents/fsl/lib -sFORCE_FILESYSTEM=1 -s "EXTRA_EXPORTED_RUNTIME_METHODS=['FS']" -s ALLOW_MEMORY_GROWTH=1  -o flirt.html globaloptions.o flirt.o  -lnewimage -lmiscmaths -lprob -lfslio -lniftiio -lznz -lnewmat -lutils -lm -lz
make[2]: Nothing to be done for `all'.
 
Installing stable binaries
 
Installing stable header files
install -p -m 0664 defaultschedule.h /Users/ahmedharmouche/Documents/fsl/include/flirt/
install -p -m 0664 globaloptions.h /Users/ahmedharmouche/Documents/fsl/include/flirt/
 
Installing stable library archives
 
Installing tcl scripts
install -p -m 0775 applyxfm.tcl /Users/ahmedharmouche/Documents/fsl/tcl/
install -p -m 0775 concatxfm.tcl /Users/ahmedharmouche/Documents/fsl/tcl/
install -p -m 0775 flirt.tcl /Users/ahmedharmouche/Documents/fsl/tcl/
install -p -m 0775 flirt_proc.tcl /Users/ahmedharmouche/Documents/fsl/tcl/
install -p -m 0775 invertxfm.tcl /Users/ahmedharmouche/Documents/fsl/tcl/
install -p -m 0775 nudge.tcl /Users/ahmedharmouche/Documents/fsl/tcl/
/Users/ahmedharmouche/Documents/fsl/bin/tclsh: line 17: /Users/ahmedharmouche/Documents/fsl/bin/tclsh8.4: Bad CPU type in executable
/Users/ahmedharmouche/Documents/fsl/bin/tclsh: line 17: /Users/ahmedharmouche/Documents/fsl/bin/tclsh8.4: Undefined error: 0
make[4]: *** [tclinstall] Error 1
make[3]: *** [install-non-src-exe-files] Error 2
make[2]: *** [install-non-src-files] Error 2
make[1]: *** [master-install-script] Error 2
make: *** [install] Error 2
 
 ------------------------- 
Successfully made flirt
 
ERROR::Could not install flirt successfully
 
 
 
BUILD successfully made all projects
 
!!ERROR in INSTALL!!
  Could not fully install the following projects successfully:
    fslio flirt
 

